# JRE version: Java(TM) SE Runtime Environment (7.0_79-b15) (build 1.7.0_79-b15)
# Java VM: Java HotSpot(TM) 64-Bit Server VM (24.79-b02 mixed mode windows-amd64 compressed oops)
Heap
 PSYoungGen      total 31744K, used 1413K [0x00000007ab480000, 0x00000007b4c00000, 0x0000000800000000)
  eden space 31232K, 4% used [0x00000007ab480000,0x00000007ab5b96a8,0x00000007ad300000)
  from space 512K, 31% used [0x00000007b4b00000,0x00000007b4b28000,0x00000007b4b80000)
  to   space 512K, 0% used [0x00000007b4b80000,0x00000007b4b80000,0x00000007b4c00000)
 ParOldGen       total 173056K, used 7287K [0x0000000701e00000, 0x000000070c700000, 0x00000007ab480000)
  object space 173056K, 4% used [0x0000000701e00000,0x000000070251de08,0x000000070c700000)
 PSPermGen       total 21504K, used 11555K [0x00000006fcc00000, 0x00000006fe100000, 0x0000000701e00000)
  object space 21504K, 53% used [0x00000006fcc00000,0x00000006fd748e88,0x00000006fe100000)
GC Heap History (10 events):
Event: 48.491 GC heap before
{Heap before GC invocations=124 (full 0):
 PSYoungGen      total 31744K, used 31264K [0x00000007ab480000, 0x00000007b4c00000, 0x0000000800000000)
  eden space 31232K, 100% used [0x00000007ab480000,0x00000007ad300000,0x00000007ad300000)
  from space 512K, 6% used [0x00000007b4b00000,0x00000007b4b08000,0x00000007b4b80000)
  to   space 512K, 0% used [0x00000007b4b80000,0x00000007b4b80000,0x00000007b4c00000)
 ParOldGen       total 173056K, used 7239K [0x0000000701e00000, 0x000000070c700000, 0x00000007ab480000)
  object space 173056K, 4% used [0x0000000701e00000,0x0000000702511e08,0x000000070c700000)
 PSPermGen       total 21504K, used 11555K [0x00000006fcc00000, 0x00000006fe100000, 0x0000000701e00000)
  object space 21504K, 53% used [0x00000006fcc00000,0x00000006fd748e88,0x00000006fe100000)
Event: 48.492 GC heap after
Heap after GC invocations=124 (full 0):
 PSYoungGen      total 31744K, used 32K [0x00000007ab480000, 0x00000007b4c00000, 0x0000000800000000)
  eden space 31232K, 0% used [0x00000007ab480000,0x00000007ab480000,0x00000007ad300000)
  from space 512K, 6% used [0x00000007b4b80000,0x00000007b4b88000,0x00000007b4c00000)
  to   space 512K, 0% used [0x00000007b4b00000,0x00000007b4b00000,0x00000007b4b80000)
 ParOldGen       total 173056K, used 7239K [0x0000000701e00000, 0x000000070c700000, 0x00000007ab480000)
  object space 173056K, 4% used [0x0000000701e00000,0x0000000702511e08,0x000000070c700000)
 PSPermGen       total 21504K, used 11555K [0x00000006fcc00000, 0x00000006fe100000, 0x0000000701e00000)
  object space 21504K, 53% used [0x00000006fcc00000,0x00000006fd748e88,0x00000006fe100000)
}
Event: 48.549 GC heap before
{Heap before GC invocations=125 (full 0):
 PSYoungGen      total 31744K, used 31264K [0x00000007ab480000, 0x00000007b4c00000, 0x0000000800000000)
  eden space 31232K, 100% used [0x00000007ab480000,0x00000007ad300000,0x00000007ad300000)
  from space 512K, 6% used [0x00000007b4b80000,0x00000007b4b88000,0x00000007b4c00000)
  to   space 512K, 0% used [0x00000007b4b00000,0x00000007b4b00000,0x00000007b4b80000)
 ParOldGen       total 173056K, used 7239K [0x0000000701e00000, 0x000000070c700000, 0x00000007ab480000)
  object space 173056K, 4% used [0x0000000701e00000,0x0000000702511e08,0x000000070c700000)
 PSPermGen       total 21504K, used 11555K [0x00000006fcc00000, 0x00000006fe100000, 0x0000000701e00000)
  object space 21504K, 53% used [0x00000006fcc00000,0x00000006fd748e88,0x00000006fe100000)
Event: 48.550 GC heap after
Heap after GC invocations=125 (full 0):
 PSYoungGen      total 31744K, used 32K [0x00000007ab480000, 0x00000007b4c00000, 0x0000000800000000)
  eden space 31232K, 0% used [0x00000007ab480000,0x00000007ab480000,0x00000007ad300000)
  from space 512K, 6% used [0x00000007b4b00000,0x00000007b4b08000,0x00000007b4b80000)
  to   space 512K, 0% used [0x00000007b4b80000,0x00000007b4b80000,0x00000007b4c00000)
 ParOldGen       total 173056K, used 7239K [0x0000000701e00000, 0x000000070c700000, 0x00000007ab480000)
  object space 173056K, 4% used [0x0000000701e00000,0x0000000702511e08,0x000000070c700000)
 PSPermGen       total 21504K, used 11555K [0x00000006fcc00000, 0x00000006fe100000, 0x0000000701e00000)
  object space 21504K, 53% used [0x00000006fcc00000,0x00000006fd748e88,0x00000006fe100000)
}
Event: 48.608 GC heap before
{Heap before GC invocations=126 (full 0):
 PSYoungGen      total 31744K, used 31264K [0x00000007ab480000, 0x00000007b4c00000, 0x0000000800000000)
  eden space 31232K, 100% used [0x00000007ab480000,0x00000007ad300000,0x00000007ad300000)
  from space 512K, 6% used [0x00000007b4b00000,0x00000007b4b08000,0x00000007b4b80000)
  to   space 512K, 0% used [0x00000007b4b80000,0x00000007b4b80000,0x00000007b4c00000)
 ParOldGen       total 173056K, used 7239K [0x0000000701e00000, 0x000000070c700000, 0x00000007ab480000)
  object space 173056K, 4% used [0x0000000701e00000,0x0000000702511e08,0x000000070c700000)
 PSPermGen       total 21504K, used 11555K [0x00000006fcc00000, 0x00000006fe100000, 0x0000000701e00000)
  object space 21504K, 53% used [0x00000006fcc00000,0x00000006fd748e88,0x00000006fe100000)
Event: 48.609 GC heap after
Heap after GC invocations=126 (full 0):
 PSYoungGen      total 31744K, used 32K [0x00000007ab480000, 0x00000007b4c00000, 0x0000000800000000)
  eden space 31232K, 0% used [0x00000007ab480000,0x00000007ab480000,0x00000007ad300000)
  from space 512K, 6% used [0x00000007b4b80000,0x00000007b4b88000,0x00000007b4c00000)
  to   space 512K, 0% used [0x00000007b4b00000,0x00000007b4b00000,0x00000007b4b80000)
 ParOldGen       total 173056K, used 7239K [0x0000000701e00000, 0x000000070c700000, 0x00000007ab480000)
  object space 173056K, 4% used [0x0000000701e00000,0x0000000702511e08,0x000000070c700000)
 PSPermGen       total 21504K, used 11555K [0x00000006fcc00000, 0x00000006fe100000, 0x0000000701e00000)
  object space 21504K, 53% used [0x00000006fcc00000,0x00000006fd748e88,0x00000006fe100000)
}
Event: 48.670 GC heap before
{Heap before GC invocations=127 (full 0):
 PSYoungGen      total 31744K, used 31264K [0x00000007ab480000, 0x00000007b4c00000, 0x0000000800000000)
  eden space 31232K, 100% used [0x00000007ab480000,0x00000007ad300000,0x00000007ad300000)
  from space 512K, 6% used [0x00000007b4b80000,0x00000007b4b88000,0x00000007b4c00000)
  to   space 512K, 0% used [0x00000007b4b00000,0x00000007b4b00000,0x00000007b4b80000)
 ParOldGen       total 173056K, used 7239K [0x0000000701e00000, 0x000000070c700000, 0x00000007ab480000)
  object space 173056K, 4% used [0x0000000701e00000,0x0000000702511e08,0x000000070c700000)
 PSPermGen       total 21504K, used 11555K [0x00000006fcc00000, 0x00000006fe100000, 0x0000000701e00000)
  object space 21504K, 53% used [0x00000006fcc00000,0x00000006fd748e88,0x00000006fe100000)
Event: 48.671 GC heap after
Heap after GC invocations=127 (full 0):
 PSYoungGen      total 31744K, used 128K [0x00000007ab480000, 0x00000007b4c00000, 0x0000000800000000)
  eden space 31232K, 0% used [0x00000007ab480000,0x00000007ab480000,0x00000007ad300000)
  from space 512K, 25% used [0x00000007b4b00000,0x00000007b4b20000,0x00000007b4b80000)
  to   space 512K, 0% used [0x00000007b4b80000,0x00000007b4b80000,0x00000007b4c00000)
 ParOldGen       total 173056K, used 7239K [0x0000000701e00000, 0x000000070c700000, 0x00000007ab480000)
  object space 173056K, 4% used [0x0000000701e00000,0x0000000702511e08,0x000000070c700000)
 PSPermGen       total 21504K, used 11555K [0x00000006fcc00000, 0x00000006fe100000, 0x0000000701e00000)
  object space 21504K, 53% used [0x00000006fcc00000,0x00000006fd748e88,0x00000006fe100000)
}
Event: 48.729 GC heap before
{Heap before GC invocations=128 (full 0):
 PSYoungGen      total 31744K, used 31360K [0x00000007ab480000, 0x00000007b4c00000, 0x0000000800000000)
  eden space 31232K, 100% used [0x00000007ab480000,0x00000007ad300000,0x00000007ad300000)
  from space 512K, 25% used [0x00000007b4b00000,0x00000007b4b20000,0x00000007b4b80000)
  to   space 512K, 0% used [0x00000007b4b80000,0x00000007b4b80000,0x00000007b4c00000)
 ParOldGen       total 173056K, used 7239K [0x0000000701e00000, 0x000000070c700000, 0x00000007ab480000)
  object space 173056K, 4% used [0x0000000701e00000,0x0000000702511e08,0x000000070c700000)
 PSPermGen       total 21504K, used 11555K [0x00000006fcc00000, 0x00000006fe100000, 0x0000000701e00000)
  object space 21504K, 53% used [0x00000006fcc00000,0x00000006fd748e88,0x00000006fe100000)
Event: 48.729 GC heap after
Heap after GC invocations=128 (full 0):
 PSYoungGen      total 31744K, used 32K [0x00000007ab480000, 0x00000007b4c00000, 0x0000000800000000)
  eden space 31232K, 0% used [0x00000007ab480000,0x00000007ab480000,0x00000007ad300000)
  from space 512K, 6% used [0x00000007b4b80000,0x00000007b4b88000,0x00000007b4c00000)
  to   space 512K, 0% used [0x00000007b4b00000,0x00000007b4b00000,0x00000007b4b80000)
 ParOldGen       total 173056K, used 7287K [0x0000000701e00000, 0x000000070c700000, 0x00000007ab480000)
  object space 173056K, 4% used [0x0000000701e00000,0x000000070251de08,0x000000070c700000)
 PSPermGen       total 21504K, used 11555K [0x00000006fcc00000, 0x00000006fe100000, 0x0000000701e00000)
  object space 21504K, 53% used [0x00000006fcc00000,0x00000006fd748e88,0x00000006fe100000)
}

